cl : command line warning D9035: option 'Gm' has been deprecated and will be removed in a future release
  example1.cpp
F:\Mon-hoc-tren-lop\đồ họa máy tính\DHMT_Nhom11\DHMT_Nhom11_ChuongTrinh\GLSLExperiment\mat.h(581,5): warning C4566: character represented by universal-character-name '\u0111' cannot be represented in the current code page (1252)
F:\Mon-hoc-tren-lop\đồ họa máy tính\DHMT_Nhom11\DHMT_Nhom11_ChuongTrinh\GLSLExperiment\mat.h(581,5): warning C4566: character represented by universal-character-name '\u1ED3' cannot be represented in the current code page (1252)
F:\Mon-hoc-tren-lop\đồ họa máy tính\DHMT_Nhom11\DHMT_Nhom11_ChuongTrinh\GLSLExperiment\mat.h(581,5): warning C4566: character represented by universal-character-name '\u1ECD' cannot be represented in the current code page (1252)
F:\Mon-hoc-tren-lop\đồ họa máy tính\DHMT_Nhom11\DHMT_Nhom11_ChuongTrinh\GLSLExperiment\mat.h(770,5): warning C4566: character represented by universal-character-name '\u0111' cannot be represented in the current code page (1252)
F:\Mon-hoc-tren-lop\đồ họa máy tính\DHMT_Nhom11\DHMT_Nhom11_ChuongTrinh\GLSLExperiment\mat.h(770,5): warning C4566: character represented by universal-character-name '\u1ED3' cannot be represented in the current code page (1252)
F:\Mon-hoc-tren-lop\đồ họa máy tính\DHMT_Nhom11\DHMT_Nhom11_ChuongTrinh\GLSLExperiment\mat.h(770,5): warning C4566: character represented by universal-character-name '\u1ECD' cannot be represented in the current code page (1252)
F:\Mon-hoc-tren-lop\đồ họa máy tính\DHMT_Nhom11\DHMT_Nhom11_ChuongTrinh\GLSLExperiment\mat.h(777,5): warning C4566: character represented by universal-character-name '\u0111' cannot be represented in the current code page (1252)
F:\Mon-hoc-tren-lop\đồ họa máy tính\DHMT_Nhom11\DHMT_Nhom11_ChuongTrinh\GLSLExperiment\mat.h(777,5): warning C4566: character represented by universal-character-name '\u1ED3' cannot be represented in the current code page (1252)
F:\Mon-hoc-tren-lop\đồ họa máy tính\DHMT_Nhom11\DHMT_Nhom11_ChuongTrinh\GLSLExperiment\mat.h(777,5): warning C4566: character represented by universal-character-name '\u1ECD' cannot be represented in the current code page (1252)
F:\Mon-hoc-tren-lop\đồ họa máy tính\DHMT_Nhom11\DHMT_Nhom11_ChuongTrinh\GLSLExperiment\mat.h(784,5): warning C4566: character represented by universal-character-name '\u0111' cannot be represented in the current code page (1252)
F:\Mon-hoc-tren-lop\đồ họa máy tính\DHMT_Nhom11\DHMT_Nhom11_ChuongTrinh\GLSLExperiment\mat.h(784,5): warning C4566: character represented by universal-character-name '\u1ED3' cannot be represented in the current code page (1252)
F:\Mon-hoc-tren-lop\đồ họa máy tính\DHMT_Nhom11\DHMT_Nhom11_ChuongTrinh\GLSLExperiment\mat.h(784,5): warning C4566: character represented by universal-character-name '\u1ECD' cannot be represented in the current code page (1252)
F:\Mon-hoc-tren-lop\đồ họa máy tính\DHMT_Nhom11\DHMT_Nhom11_ChuongTrinh\GLSLExperiment\example1.cpp(74,46): warning C4305: 'argument': truncation from 'double' to 'GLfloat'
F:\Mon-hoc-tren-lop\đồ họa máy tính\DHMT_Nhom11\DHMT_Nhom11_ChuongTrinh\GLSLExperiment\example1.cpp(93,46): warning C4305: 'argument': truncation from 'double' to 'GLfloat'
F:\Mon-hoc-tren-lop\đồ họa máy tính\DHMT_Nhom11\DHMT_Nhom11_ChuongTrinh\GLSLExperiment\example1.cpp(200,40): warning C4305: 'argument': truncation from 'double' to 'GLfloat'
F:\Mon-hoc-tren-lop\đồ họa máy tính\DHMT_Nhom11\DHMT_Nhom11_ChuongTrinh\GLSLExperiment\example1.cpp(205,43): warning C4305: 'argument': truncation from 'double' to 'GLfloat'
F:\Mon-hoc-tren-lop\đồ họa máy tính\DHMT_Nhom11\DHMT_Nhom11_ChuongTrinh\GLSLExperiment\example1.cpp(206,44): warning C4305: 'argument': truncation from 'double' to 'GLfloat'
F:\Mon-hoc-tren-lop\đồ họa máy tính\DHMT_Nhom11\DHMT_Nhom11_ChuongTrinh\GLSLExperiment\example1.cpp(277,104): warning C4244: 'argument': conversion from 'double' to 'const GLfloat', possible loss of data
F:\Mon-hoc-tren-lop\đồ họa máy tính\DHMT_Nhom11\DHMT_Nhom11_ChuongTrinh\GLSLExperiment\example1.cpp(277,150): warning C4244: 'argument': conversion from 'double' to 'const GLfloat', possible loss of data
F:\Mon-hoc-tren-lop\đồ họa máy tính\DHMT_Nhom11\DHMT_Nhom11_ChuongTrinh\GLSLExperiment\example1.cpp(299,39): warning C4305: 'argument': truncation from 'double' to 'const GLfloat'
F:\Mon-hoc-tren-lop\đồ họa máy tính\DHMT_Nhom11\DHMT_Nhom11_ChuongTrinh\GLSLExperiment\example1.cpp(300,35): warning C4305: 'argument': truncation from 'double' to 'GLfloat'
F:\Mon-hoc-tren-lop\đồ họa máy tính\DHMT_Nhom11\DHMT_Nhom11_ChuongTrinh\GLSLExperiment\example1.cpp(301,39): warning C4305: 'argument': truncation from 'double' to 'const GLfloat'
F:\Mon-hoc-tren-lop\đồ họa máy tính\DHMT_Nhom11\DHMT_Nhom11_ChuongTrinh\GLSLExperiment\example1.cpp(302,35): warning C4305: 'argument': truncation from 'double' to 'GLfloat'
F:\Mon-hoc-tren-lop\đồ họa máy tính\DHMT_Nhom11\DHMT_Nhom11_ChuongTrinh\GLSLExperiment\example1.cpp(303,47): warning C4305: 'argument': truncation from 'double' to 'const GLfloat'
F:\Mon-hoc-tren-lop\đồ họa máy tính\DHMT_Nhom11\DHMT_Nhom11_ChuongTrinh\GLSLExperiment\example1.cpp(304,37): warning C4305: 'argument': truncation from 'double' to 'GLfloat'
F:\Mon-hoc-tren-lop\đồ họa máy tính\DHMT_Nhom11\DHMT_Nhom11_ChuongTrinh\GLSLExperiment\example1.cpp(305,48): warning C4305: 'argument': truncation from 'double' to 'const GLfloat'
F:\Mon-hoc-tren-lop\đồ họa máy tính\DHMT_Nhom11\DHMT_Nhom11_ChuongTrinh\GLSLExperiment\example1.cpp(306,37): warning C4305: 'argument': truncation from 'double' to 'GLfloat'
F:\Mon-hoc-tren-lop\đồ họa máy tính\DHMT_Nhom11\DHMT_Nhom11_ChuongTrinh\GLSLExperiment\example1.cpp(312,45): warning C4305: 'argument': truncation from 'double' to 'const GLfloat'
F:\Mon-hoc-tren-lop\đồ họa máy tính\DHMT_Nhom11\DHMT_Nhom11_ChuongTrinh\GLSLExperiment\example1.cpp(313,34): warning C4305: 'argument': truncation from 'double' to 'GLfloat'
F:\Mon-hoc-tren-lop\đồ họa máy tính\DHMT_Nhom11\DHMT_Nhom11_ChuongTrinh\GLSLExperiment\example1.cpp(319,39): warning C4305: 'argument': truncation from 'double' to 'const GLfloat'
F:\Mon-hoc-tren-lop\đồ họa máy tính\DHMT_Nhom11\DHMT_Nhom11_ChuongTrinh\GLSLExperiment\example1.cpp(320,35): warning C4305: 'argument': truncation from 'double' to 'GLfloat'
F:\Mon-hoc-tren-lop\đồ họa máy tính\DHMT_Nhom11\DHMT_Nhom11_ChuongTrinh\GLSLExperiment\example1.cpp(321,38): warning C4305: 'argument': truncation from 'double' to 'const GLfloat'
F:\Mon-hoc-tren-lop\đồ họa máy tính\DHMT_Nhom11\DHMT_Nhom11_ChuongTrinh\GLSLExperiment\example1.cpp(322,32): warning C4305: 'argument': truncation from 'double' to 'GLfloat'
F:\Mon-hoc-tren-lop\đồ họa máy tính\DHMT_Nhom11\DHMT_Nhom11_ChuongTrinh\GLSLExperiment\example1.cpp(323,41): warning C4305: 'argument': truncation from 'double' to 'const GLfloat'
F:\Mon-hoc-tren-lop\đồ họa máy tính\DHMT_Nhom11\DHMT_Nhom11_ChuongTrinh\GLSLExperiment\example1.cpp(324,37): warning C4305: 'argument': truncation from 'double' to 'GLfloat'
F:\Mon-hoc-tren-lop\đồ họa máy tính\DHMT_Nhom11\DHMT_Nhom11_ChuongTrinh\GLSLExperiment\example1.cpp(325,40): warning C4305: 'argument': truncation from 'double' to 'const GLfloat'
F:\Mon-hoc-tren-lop\đồ họa máy tính\DHMT_Nhom11\DHMT_Nhom11_ChuongTrinh\GLSLExperiment\example1.cpp(326,37): warning C4305: 'argument': truncation from 'double' to 'GLfloat'
F:\Mon-hoc-tren-lop\đồ họa máy tính\DHMT_Nhom11\DHMT_Nhom11_ChuongTrinh\GLSLExperiment\example1.cpp(331,41): warning C4305: 'argument': truncation from 'double' to 'const GLfloat'
F:\Mon-hoc-tren-lop\đồ họa máy tính\DHMT_Nhom11\DHMT_Nhom11_ChuongTrinh\GLSLExperiment\example1.cpp(332,33): warning C4305: 'argument': truncation from 'double' to 'const GLfloat'
F:\Mon-hoc-tren-lop\đồ họa máy tính\DHMT_Nhom11\DHMT_Nhom11_ChuongTrinh\GLSLExperiment\example1.cpp(333,35): warning C4305: 'argument': truncation from 'double' to 'GLfloat'
F:\Mon-hoc-tren-lop\đồ họa máy tính\DHMT_Nhom11\DHMT_Nhom11_ChuongTrinh\GLSLExperiment\example1.cpp(334,33): warning C4305: 'argument': truncation from 'double' to 'const GLfloat'
F:\Mon-hoc-tren-lop\đồ họa máy tính\DHMT_Nhom11\DHMT_Nhom11_ChuongTrinh\GLSLExperiment\example1.cpp(335,35): warning C4305: 'argument': truncation from 'double' to 'GLfloat'
F:\Mon-hoc-tren-lop\đồ họa máy tính\DHMT_Nhom11\DHMT_Nhom11_ChuongTrinh\GLSLExperiment\example1.cpp(336,36): warning C4305: 'argument': truncation from 'double' to 'const GLfloat'
F:\Mon-hoc-tren-lop\đồ họa máy tính\DHMT_Nhom11\DHMT_Nhom11_ChuongTrinh\GLSLExperiment\example1.cpp(337,35): warning C4305: 'argument': truncation from 'double' to 'GLfloat'
F:\Mon-hoc-tren-lop\đồ họa máy tính\DHMT_Nhom11\DHMT_Nhom11_ChuongTrinh\GLSLExperiment\example1.cpp(338,36): warning C4305: 'argument': truncation from 'double' to 'const GLfloat'
F:\Mon-hoc-tren-lop\đồ họa máy tính\DHMT_Nhom11\DHMT_Nhom11_ChuongTrinh\GLSLExperiment\example1.cpp(339,35): warning C4305: 'argument': truncation from 'double' to 'GLfloat'
F:\Mon-hoc-tren-lop\đồ họa máy tính\DHMT_Nhom11\DHMT_Nhom11_ChuongTrinh\GLSLExperiment\example1.cpp(340,41): warning C4305: 'argument': truncation from 'double' to 'const GLfloat'
F:\Mon-hoc-tren-lop\đồ họa máy tính\DHMT_Nhom11\DHMT_Nhom11_ChuongTrinh\GLSLExperiment\example1.cpp(341,36): warning C4305: 'argument': truncation from 'double' to 'GLfloat'
F:\Mon-hoc-tren-lop\đồ họa máy tính\DHMT_Nhom11\DHMT_Nhom11_ChuongTrinh\GLSLExperiment\example1.cpp(342,40): warning C4305: 'argument': truncation from 'double' to 'const GLfloat'
F:\Mon-hoc-tren-lop\đồ họa máy tính\DHMT_Nhom11\DHMT_Nhom11_ChuongTrinh\GLSLExperiment\example1.cpp(343,37): warning C4305: 'argument': truncation from 'double' to 'GLfloat'
F:\Mon-hoc-tren-lop\đồ họa máy tính\DHMT_Nhom11\DHMT_Nhom11_ChuongTrinh\GLSLExperiment\example1.cpp(344,37): warning C4305: 'argument': truncation from 'double' to 'const GLfloat'
F:\Mon-hoc-tren-lop\đồ họa máy tính\DHMT_Nhom11\DHMT_Nhom11_ChuongTrinh\GLSLExperiment\example1.cpp(345,36): warning C4305: 'argument': truncation from 'double' to 'GLfloat'
F:\Mon-hoc-tren-lop\đồ họa máy tính\DHMT_Nhom11\DHMT_Nhom11_ChuongTrinh\GLSLExperiment\example1.cpp(346,37): warning C4305: 'argument': truncation from 'double' to 'const GLfloat'
F:\Mon-hoc-tren-lop\đồ họa máy tính\DHMT_Nhom11\DHMT_Nhom11_ChuongTrinh\GLSLExperiment\example1.cpp(347,36): warning C4305: 'argument': truncation from 'double' to 'GLfloat'
F:\Mon-hoc-tren-lop\đồ họa máy tính\DHMT_Nhom11\DHMT_Nhom11_ChuongTrinh\GLSLExperiment\example1.cpp(348,42): warning C4305: 'argument': truncation from 'double' to 'const GLfloat'
F:\Mon-hoc-tren-lop\đồ họa máy tính\DHMT_Nhom11\DHMT_Nhom11_ChuongTrinh\GLSLExperiment\example1.cpp(349,37): warning C4305: 'argument': truncation from 'double' to 'GLfloat'
F:\Mon-hoc-tren-lop\đồ họa máy tính\DHMT_Nhom11\DHMT_Nhom11_ChuongTrinh\GLSLExperiment\example1.cpp(350,38): warning C4305: 'argument': truncation from 'double' to 'const GLfloat'
F:\Mon-hoc-tren-lop\đồ họa máy tính\DHMT_Nhom11\DHMT_Nhom11_ChuongTrinh\GLSLExperiment\example1.cpp(351,36): warning C4305: 'argument': truncation from 'double' to 'GLfloat'
F:\Mon-hoc-tren-lop\đồ họa máy tính\DHMT_Nhom11\DHMT_Nhom11_ChuongTrinh\GLSLExperiment\example1.cpp(352,41): warning C4305: 'argument': truncation from 'double' to 'const GLfloat'
F:\Mon-hoc-tren-lop\đồ họa máy tính\DHMT_Nhom11\DHMT_Nhom11_ChuongTrinh\GLSLExperiment\example1.cpp(353,38): warning C4305: 'argument': truncation from 'double' to 'GLfloat'
F:\Mon-hoc-tren-lop\đồ họa máy tính\DHMT_Nhom11\DHMT_Nhom11_ChuongTrinh\GLSLExperiment\example1.cpp(354,37): warning C4305: 'argument': truncation from 'double' to 'const GLfloat'
F:\Mon-hoc-tren-lop\đồ họa máy tính\DHMT_Nhom11\DHMT_Nhom11_ChuongTrinh\GLSLExperiment\example1.cpp(355,38): warning C4305: 'argument': truncation from 'double' to 'GLfloat'
F:\Mon-hoc-tren-lop\đồ họa máy tính\DHMT_Nhom11\DHMT_Nhom11_ChuongTrinh\GLSLExperiment\example1.cpp(356,37): warning C4305: 'argument': truncation from 'double' to 'const GLfloat'
F:\Mon-hoc-tren-lop\đồ họa máy tính\DHMT_Nhom11\DHMT_Nhom11_ChuongTrinh\GLSLExperiment\example1.cpp(357,38): warning C4305: 'argument': truncation from 'double' to 'GLfloat'
F:\Mon-hoc-tren-lop\đồ họa máy tính\DHMT_Nhom11\DHMT_Nhom11_ChuongTrinh\GLSLExperiment\example1.cpp(358,38): warning C4305: 'argument': truncation from 'double' to 'const GLfloat'
F:\Mon-hoc-tren-lop\đồ họa máy tính\DHMT_Nhom11\DHMT_Nhom11_ChuongTrinh\GLSLExperiment\example1.cpp(359,38): warning C4305: 'argument': truncation from 'double' to 'GLfloat'
F:\Mon-hoc-tren-lop\đồ họa máy tính\DHMT_Nhom11\DHMT_Nhom11_ChuongTrinh\GLSLExperiment\example1.cpp(364,42): warning C4305: 'argument': truncation from 'double' to 'const GLfloat'
F:\Mon-hoc-tren-lop\đồ họa máy tính\DHMT_Nhom11\DHMT_Nhom11_ChuongTrinh\GLSLExperiment\example1.cpp(365,39): warning C4305: 'argument': truncation from 'double' to 'const GLfloat'
F:\Mon-hoc-tren-lop\đồ họa máy tính\DHMT_Nhom11\DHMT_Nhom11_ChuongTrinh\GLSLExperiment\example1.cpp(390,37): warning C4305: 'argument': truncation from 'double' to 'const GLfloat'
F:\Mon-hoc-tren-lop\đồ họa máy tính\DHMT_Nhom11\DHMT_Nhom11_ChuongTrinh\GLSLExperiment\example1.cpp(391,42): warning C4305: 'argument': truncation from 'double' to 'GLfloat'
F:\Mon-hoc-tren-lop\đồ họa máy tính\DHMT_Nhom11\DHMT_Nhom11_ChuongTrinh\GLSLExperiment\example1.cpp(393,52): warning C4305: 'argument': truncation from 'double' to 'const GLfloat'
F:\Mon-hoc-tren-lop\đồ họa máy tính\DHMT_Nhom11\DHMT_Nhom11_ChuongTrinh\GLSLExperiment\example1.cpp(394,42): warning C4305: 'argument': truncation from 'double' to 'GLfloat'
F:\Mon-hoc-tren-lop\đồ họa máy tính\DHMT_Nhom11\DHMT_Nhom11_ChuongTrinh\GLSLExperiment\example1.cpp(396,53): warning C4305: 'argument': truncation from 'double' to 'const GLfloat'
F:\Mon-hoc-tren-lop\đồ họa máy tính\DHMT_Nhom11\DHMT_Nhom11_ChuongTrinh\GLSLExperiment\example1.cpp(397,42): warning C4305: 'argument': truncation from 'double' to 'GLfloat'
F:\Mon-hoc-tren-lop\đồ họa máy tính\DHMT_Nhom11\DHMT_Nhom11_ChuongTrinh\GLSLExperiment\example1.cpp(402,35): warning C4305: 'argument': truncation from 'double' to 'GLfloat'
F:\Mon-hoc-tren-lop\đồ họa máy tính\DHMT_Nhom11\DHMT_Nhom11_ChuongTrinh\GLSLExperiment\example1.cpp(407,40): warning C4305: 'argument': truncation from 'double' to 'const GLfloat'
F:\Mon-hoc-tren-lop\đồ họa máy tính\DHMT_Nhom11\DHMT_Nhom11_ChuongTrinh\GLSLExperiment\example1.cpp(431,84): warning C4305: 'argument': truncation from 'double' to 'const GLfloat'
F:\Mon-hoc-tren-lop\đồ họa máy tính\DHMT_Nhom11\DHMT_Nhom11_ChuongTrinh\GLSLExperiment\example1.cpp(432,38): warning C4305: 'argument': truncation from 'double' to 'GLfloat'
F:\Mon-hoc-tren-lop\đồ họa máy tính\DHMT_Nhom11\DHMT_Nhom11_ChuongTrinh\GLSLExperiment\example1.cpp(434,107): warning C4305: 'argument': truncation from 'double' to 'const GLfloat'
F:\Mon-hoc-tren-lop\đồ họa máy tính\DHMT_Nhom11\DHMT_Nhom11_ChuongTrinh\GLSLExperiment\example1.cpp(434,50): warning C4244: 'argument': conversion from 'double' to 'const GLfloat', possible loss of data
F:\Mon-hoc-tren-lop\đồ họa máy tính\DHMT_Nhom11\DHMT_Nhom11_ChuongTrinh\GLSLExperiment\example1.cpp(435,40): warning C4305: 'argument': truncation from 'double' to 'GLfloat'
F:\Mon-hoc-tren-lop\đồ họa máy tính\DHMT_Nhom11\DHMT_Nhom11_ChuongTrinh\GLSLExperiment\example1.cpp(440,37): warning C4305: 'argument': truncation from 'double' to 'GLfloat'
F:\Mon-hoc-tren-lop\đồ họa máy tính\DHMT_Nhom11\DHMT_Nhom11_ChuongTrinh\GLSLExperiment\example1.cpp(442,51): warning C4305: 'argument': truncation from 'double' to 'const GLfloat'
F:\Mon-hoc-tren-lop\đồ họa máy tính\DHMT_Nhom11\DHMT_Nhom11_ChuongTrinh\GLSLExperiment\example1.cpp(443,37): warning C4305: 'argument': truncation from 'double' to 'GLfloat'
F:\Mon-hoc-tren-lop\đồ họa máy tính\DHMT_Nhom11\DHMT_Nhom11_ChuongTrinh\GLSLExperiment\example1.cpp(445,74): warning C4305: 'argument': truncation from 'double' to 'const GLfloat'
F:\Mon-hoc-tren-lop\đồ họa máy tính\DHMT_Nhom11\DHMT_Nhom11_ChuongTrinh\GLSLExperiment\example1.cpp(446,37): warning C4305: 'argument': truncation from 'double' to 'GLfloat'
F:\Mon-hoc-tren-lop\đồ họa máy tính\DHMT_Nhom11\DHMT_Nhom11_ChuongTrinh\GLSLExperiment\example1.cpp(448,78): warning C4305: 'argument': truncation from 'double' to 'const GLfloat'
F:\Mon-hoc-tren-lop\đồ họa máy tính\DHMT_Nhom11\DHMT_Nhom11_ChuongTrinh\GLSLExperiment\example1.cpp(449,37): warning C4305: 'argument': truncation from 'double' to 'GLfloat'
F:\Mon-hoc-tren-lop\đồ họa máy tính\DHMT_Nhom11\DHMT_Nhom11_ChuongTrinh\GLSLExperiment\example1.cpp(451,47): warning C4305: 'argument': truncation from 'double' to 'const GLfloat'
F:\Mon-hoc-tren-lop\đồ họa máy tính\DHMT_Nhom11\DHMT_Nhom11_ChuongTrinh\GLSLExperiment\example1.cpp(452,41): warning C4305: 'argument': truncation from 'double' to 'GLfloat'
F:\Mon-hoc-tren-lop\đồ họa máy tính\DHMT_Nhom11\DHMT_Nhom11_ChuongTrinh\GLSLExperiment\example1.cpp(458,79): warning C4305: 'argument': truncation from 'double' to 'const GLfloat'
F:\Mon-hoc-tren-lop\đồ họa máy tính\DHMT_Nhom11\DHMT_Nhom11_ChuongTrinh\GLSLExperiment\example1.cpp(459,38): warning C4305: 'argument': truncation from 'double' to 'GLfloat'
F:\Mon-hoc-tren-lop\đồ họa máy tính\DHMT_Nhom11\DHMT_Nhom11_ChuongTrinh\GLSLExperiment\example1.cpp(461,86): warning C4305: 'argument': truncation from 'double' to 'const GLfloat'
F:\Mon-hoc-tren-lop\đồ họa máy tính\DHMT_Nhom11\DHMT_Nhom11_ChuongTrinh\GLSLExperiment\example1.cpp(462,38): warning C4305: 'argument': truncation from 'double' to 'GLfloat'
F:\Mon-hoc-tren-lop\đồ họa máy tính\DHMT_Nhom11\DHMT_Nhom11_ChuongTrinh\GLSLExperiment\example1.cpp(464,68): warning C4305: 'argument': truncation from 'double' to 'const GLfloat'
F:\Mon-hoc-tren-lop\đồ họa máy tính\DHMT_Nhom11\DHMT_Nhom11_ChuongTrinh\GLSLExperiment\example1.cpp(465,36): warning C4305: 'argument': truncation from 'double' to 'GLfloat'
F:\Mon-hoc-tren-lop\đồ họa máy tính\DHMT_Nhom11\DHMT_Nhom11_ChuongTrinh\GLSLExperiment\example1.cpp(467,58): warning C4305: 'argument': truncation from 'double' to 'const GLfloat'
F:\Mon-hoc-tren-lop\đồ họa máy tính\DHMT_Nhom11\DHMT_Nhom11_ChuongTrinh\GLSLExperiment\example1.cpp(468,36): warning C4305: 'argument': truncation from 'double' to 'GLfloat'
F:\Mon-hoc-tren-lop\đồ họa máy tính\DHMT_Nhom11\DHMT_Nhom11_ChuongTrinh\GLSLExperiment\example1.cpp(472,81): warning C4305: 'argument': truncation from 'double' to 'const GLfloat'
F:\Mon-hoc-tren-lop\đồ họa máy tính\DHMT_Nhom11\DHMT_Nhom11_ChuongTrinh\GLSLExperiment\example1.cpp(473,38): warning C4305: 'argument': truncation from 'double' to 'GLfloat'
F:\Mon-hoc-tren-lop\đồ họa máy tính\DHMT_Nhom11\DHMT_Nhom11_ChuongTrinh\GLSLExperiment\example1.cpp(477,56): warning C4305: 'argument': truncation from 'double' to 'const GLfloat'
F:\Mon-hoc-tren-lop\đồ họa máy tính\DHMT_Nhom11\DHMT_Nhom11_ChuongTrinh\GLSLExperiment\example1.cpp(478,37): warning C4305: 'argument': truncation from 'double' to 'GLfloat'
F:\Mon-hoc-tren-lop\đồ họa máy tính\DHMT_Nhom11\DHMT_Nhom11_ChuongTrinh\GLSLExperiment\example1.cpp(480,60): warning C4305: 'argument': truncation from 'double' to 'const GLfloat'
F:\Mon-hoc-tren-lop\đồ họa máy tính\DHMT_Nhom11\DHMT_Nhom11_ChuongTrinh\GLSLExperiment\example1.cpp(481,38): warning C4305: 'argument': truncation from 'double' to 'GLfloat'
F:\Mon-hoc-tren-lop\đồ họa máy tính\DHMT_Nhom11\DHMT_Nhom11_ChuongTrinh\GLSLExperiment\example1.cpp(483,59): warning C4305: 'argument': truncation from 'double' to 'const GLfloat'
F:\Mon-hoc-tren-lop\đồ họa máy tính\DHMT_Nhom11\DHMT_Nhom11_ChuongTrinh\GLSLExperiment\example1.cpp(484,38): warning C4305: 'argument': truncation from 'double' to 'GLfloat'
F:\Mon-hoc-tren-lop\đồ họa máy tính\DHMT_Nhom11\DHMT_Nhom11_ChuongTrinh\GLSLExperiment\example1.cpp(486,59): warning C4305: 'argument': truncation from 'double' to 'const GLfloat'
F:\Mon-hoc-tren-lop\đồ họa máy tính\DHMT_Nhom11\DHMT_Nhom11_ChuongTrinh\GLSLExperiment\example1.cpp(487,38): warning C4305: 'argument': truncation from 'double' to 'GLfloat'
F:\Mon-hoc-tren-lop\đồ họa máy tính\DHMT_Nhom11\DHMT_Nhom11_ChuongTrinh\GLSLExperiment\example1.cpp(490,69): warning C4305: 'argument': truncation from 'double' to 'const GLfloat'
F:\Mon-hoc-tren-lop\đồ họa máy tính\DHMT_Nhom11\DHMT_Nhom11_ChuongTrinh\GLSLExperiment\example1.cpp(491,38): warning C4305: 'argument': truncation from 'double' to 'GLfloat'
F:\Mon-hoc-tren-lop\đồ họa máy tính\DHMT_Nhom11\DHMT_Nhom11_ChuongTrinh\GLSLExperiment\example1.cpp(493,77): warning C4305: 'argument': truncation from 'double' to 'const GLfloat'
F:\Mon-hoc-tren-lop\đồ họa máy tính\DHMT_Nhom11\DHMT_Nhom11_ChuongTrinh\GLSLExperiment\example1.cpp(494,47): warning C4305: 'argument': truncation from 'double' to 'GLfloat'
F:\Mon-hoc-tren-lop\đồ họa máy tính\DHMT_Nhom11\DHMT_Nhom11_ChuongTrinh\GLSLExperiment\example1.cpp(496,81): warning C4305: 'argument': truncation from 'double' to 'const GLfloat'
F:\Mon-hoc-tren-lop\đồ họa máy tính\DHMT_Nhom11\DHMT_Nhom11_ChuongTrinh\GLSLExperiment\example1.cpp(497,39): warning C4305: 'argument': truncation from 'double' to 'GLfloat'
F:\Mon-hoc-tren-lop\đồ họa máy tính\DHMT_Nhom11\DHMT_Nhom11_ChuongTrinh\GLSLExperiment\example1.cpp(499,75): warning C4305: 'argument': truncation from 'double' to 'const GLfloat'
F:\Mon-hoc-tren-lop\đồ họa máy tính\DHMT_Nhom11\DHMT_Nhom11_ChuongTrinh\GLSLExperiment\example1.cpp(500,47): warning C4305: 'argument': truncation from 'double' to 'GLfloat'
F:\Mon-hoc-tren-lop\đồ họa máy tính\DHMT_Nhom11\DHMT_Nhom11_ChuongTrinh\GLSLExperiment\example1.cpp(502,78): warning C4305: 'argument': truncation from 'double' to 'const GLfloat'
F:\Mon-hoc-tren-lop\đồ họa máy tính\DHMT_Nhom11\DHMT_Nhom11_ChuongTrinh\GLSLExperiment\example1.cpp(503,47): warning C4305: 'argument': truncation from 'double' to 'GLfloat'
F:\Mon-hoc-tren-lop\đồ họa máy tính\DHMT_Nhom11\DHMT_Nhom11_ChuongTrinh\GLSLExperiment\example1.cpp(505,72): warning C4305: 'argument': truncation from 'double' to 'const GLfloat'
F:\Mon-hoc-tren-lop\đồ họa máy tính\DHMT_Nhom11\DHMT_Nhom11_ChuongTrinh\GLSLExperiment\example1.cpp(506,39): warning C4305: 'argument': truncation from 'double' to 'GLfloat'
F:\Mon-hoc-tren-lop\đồ họa máy tính\DHMT_Nhom11\DHMT_Nhom11_ChuongTrinh\GLSLExperiment\example1.cpp(509,59): warning C4305: 'argument': truncation from 'double' to 'const GLfloat'
F:\Mon-hoc-tren-lop\đồ họa máy tính\DHMT_Nhom11\DHMT_Nhom11_ChuongTrinh\GLSLExperiment\example1.cpp(510,38): warning C4305: 'argument': truncation from 'double' to 'GLfloat'
F:\Mon-hoc-tren-lop\đồ họa máy tính\DHMT_Nhom11\DHMT_Nhom11_ChuongTrinh\GLSLExperiment\example1.cpp(512,58): warning C4305: 'argument': truncation from 'double' to 'const GLfloat'
F:\Mon-hoc-tren-lop\đồ họa máy tính\DHMT_Nhom11\DHMT_Nhom11_ChuongTrinh\GLSLExperiment\example1.cpp(513,38): warning C4305: 'argument': truncation from 'double' to 'GLfloat'
F:\Mon-hoc-tren-lop\đồ họa máy tính\DHMT_Nhom11\DHMT_Nhom11_ChuongTrinh\GLSLExperiment\example1.cpp(515,58): warning C4305: 'argument': truncation from 'double' to 'const GLfloat'
F:\Mon-hoc-tren-lop\đồ họa máy tính\DHMT_Nhom11\DHMT_Nhom11_ChuongTrinh\GLSLExperiment\example1.cpp(516,38): warning C4305: 'argument': truncation from 'double' to 'GLfloat'
F:\Mon-hoc-tren-lop\đồ họa máy tính\DHMT_Nhom11\DHMT_Nhom11_ChuongTrinh\GLSLExperiment\example1.cpp(518,59): warning C4305: 'argument': truncation from 'double' to 'const GLfloat'
F:\Mon-hoc-tren-lop\đồ họa máy tính\DHMT_Nhom11\DHMT_Nhom11_ChuongTrinh\GLSLExperiment\example1.cpp(519,38): warning C4305: 'argument': truncation from 'double' to 'GLfloat'
F:\Mon-hoc-tren-lop\đồ họa máy tính\DHMT_Nhom11\DHMT_Nhom11_ChuongTrinh\GLSLExperiment\example1.cpp(524,61): warning C4305: 'argument': truncation from 'double' to 'const GLfloat'
F:\Mon-hoc-tren-lop\đồ họa máy tính\DHMT_Nhom11\DHMT_Nhom11_ChuongTrinh\GLSLExperiment\example1.cpp(525,37): warning C4305: 'argument': truncation from 'double' to 'GLfloat'
F:\Mon-hoc-tren-lop\đồ họa máy tính\DHMT_Nhom11\DHMT_Nhom11_ChuongTrinh\GLSLExperiment\example1.cpp(527,78): warning C4305: 'argument': truncation from 'double' to 'const GLfloat'
F:\Mon-hoc-tren-lop\đồ họa máy tính\DHMT_Nhom11\DHMT_Nhom11_ChuongTrinh\GLSLExperiment\example1.cpp(528,39): warning C4305: 'argument': truncation from 'double' to 'GLfloat'
F:\Mon-hoc-tren-lop\đồ họa máy tính\DHMT_Nhom11\DHMT_Nhom11_ChuongTrinh\GLSLExperiment\example1.cpp(530,79): warning C4305: 'argument': truncation from 'double' to 'const GLfloat'
F:\Mon-hoc-tren-lop\đồ họa máy tính\DHMT_Nhom11\DHMT_Nhom11_ChuongTrinh\GLSLExperiment\example1.cpp(531,38): warning C4305: 'argument': truncation from 'double' to 'GLfloat'
F:\Mon-hoc-tren-lop\đồ họa máy tính\DHMT_Nhom11\DHMT_Nhom11_ChuongTrinh\GLSLExperiment\example1.cpp(533,76): warning C4305: 'argument': truncation from 'double' to 'const GLfloat'
F:\Mon-hoc-tren-lop\đồ họa máy tính\DHMT_Nhom11\DHMT_Nhom11_ChuongTrinh\GLSLExperiment\example1.cpp(534,39): warning C4305: 'argument': truncation from 'double' to 'GLfloat'
F:\Mon-hoc-tren-lop\đồ họa máy tính\DHMT_Nhom11\DHMT_Nhom11_ChuongTrinh\GLSLExperiment\example1.cpp(536,79): warning C4305: 'argument': truncation from 'double' to 'const GLfloat'
F:\Mon-hoc-tren-lop\đồ họa máy tính\DHMT_Nhom11\DHMT_Nhom11_ChuongTrinh\GLSLExperiment\example1.cpp(537,39): warning C4305: 'argument': truncation from 'double' to 'GLfloat'
F:\Mon-hoc-tren-lop\đồ họa máy tính\DHMT_Nhom11\DHMT_Nhom11_ChuongTrinh\GLSLExperiment\example1.cpp(539,70): warning C4305: 'argument': truncation from 'double' to 'const GLfloat'
F:\Mon-hoc-tren-lop\đồ họa máy tính\DHMT_Nhom11\DHMT_Nhom11_ChuongTrinh\GLSLExperiment\example1.cpp(540,38): warning C4305: 'argument': truncation from 'double' to 'GLfloat'
F:\Mon-hoc-tren-lop\đồ họa máy tính\DHMT_Nhom11\DHMT_Nhom11_ChuongTrinh\GLSLExperiment\example1.cpp(543,36): warning C4305: 'argument': truncation from 'double' to 'GLfloat'
F:\Mon-hoc-tren-lop\đồ họa máy tính\DHMT_Nhom11\DHMT_Nhom11_ChuongTrinh\GLSLExperiment\example1.cpp(545,51): warning C4305: 'argument': truncation from 'double' to 'const GLfloat'
F:\Mon-hoc-tren-lop\đồ họa máy tính\DHMT_Nhom11\DHMT_Nhom11_ChuongTrinh\GLSLExperiment\example1.cpp(546,35): warning C4305: 'argument': truncation from 'double' to 'GLfloat'
F:\Mon-hoc-tren-lop\đồ họa máy tính\DHMT_Nhom11\DHMT_Nhom11_ChuongTrinh\GLSLExperiment\example1.cpp(548,55): warning C4305: 'argument': truncation from 'double' to 'const GLfloat'
F:\Mon-hoc-tren-lop\đồ họa máy tính\DHMT_Nhom11\DHMT_Nhom11_ChuongTrinh\GLSLExperiment\example1.cpp(549,35): warning C4305: 'argument': truncation from 'double' to 'GLfloat'
F:\Mon-hoc-tren-lop\đồ họa máy tính\DHMT_Nhom11\DHMT_Nhom11_ChuongTrinh\GLSLExperiment\example1.cpp(551,54): warning C4305: 'argument': truncation from 'double' to 'const GLfloat'
F:\Mon-hoc-tren-lop\đồ họa máy tính\DHMT_Nhom11\DHMT_Nhom11_ChuongTrinh\GLSLExperiment\example1.cpp(552,35): warning C4305: 'argument': truncation from 'double' to 'GLfloat'
F:\Mon-hoc-tren-lop\đồ họa máy tính\DHMT_Nhom11\DHMT_Nhom11_ChuongTrinh\GLSLExperiment\example1.cpp(556,55): warning C4305: 'argument': truncation from 'double' to 'const GLfloat'
F:\Mon-hoc-tren-lop\đồ họa máy tính\DHMT_Nhom11\DHMT_Nhom11_ChuongTrinh\GLSLExperiment\example1.cpp(557,37): warning C4305: 'argument': truncation from 'double' to 'GLfloat'
F:\Mon-hoc-tren-lop\đồ họa máy tính\DHMT_Nhom11\DHMT_Nhom11_ChuongTrinh\GLSLExperiment\example1.cpp(559,52): warning C4244: 'argument': conversion from 'double' to 'const GLfloat', possible loss of data
F:\Mon-hoc-tren-lop\đồ họa máy tính\DHMT_Nhom11\DHMT_Nhom11_ChuongTrinh\GLSLExperiment\example1.cpp(560,37): warning C4305: 'argument': truncation from 'double' to 'GLfloat'
F:\Mon-hoc-tren-lop\đồ họa máy tính\DHMT_Nhom11\DHMT_Nhom11_ChuongTrinh\GLSLExperiment\example1.cpp(562,70): warning C4305: 'argument': truncation from 'double' to 'const GLfloat'
F:\Mon-hoc-tren-lop\đồ họa máy tính\DHMT_Nhom11\DHMT_Nhom11_ChuongTrinh\GLSLExperiment\example1.cpp(571,38): warning C4305: 'argument': truncation from 'double' to 'const GLfloat'
F:\Mon-hoc-tren-lop\đồ họa máy tính\DHMT_Nhom11\DHMT_Nhom11_ChuongTrinh\GLSLExperiment\example1.cpp(588,50): warning C4305: 'argument': truncation from 'double' to 'const GLfloat'
F:\Mon-hoc-tren-lop\đồ họa máy tính\DHMT_Nhom11\DHMT_Nhom11_ChuongTrinh\GLSLExperiment\example1.cpp(588,96): warning C4305: 'argument': truncation from 'double' to 'const GLfloat'
F:\Mon-hoc-tren-lop\đồ họa máy tính\DHMT_Nhom11\DHMT_Nhom11_ChuongTrinh\GLSLExperiment\example1.cpp(589,29): warning C4305: 'argument': truncation from 'double' to 'GLfloat'
F:\Mon-hoc-tren-lop\đồ họa máy tính\DHMT_Nhom11\DHMT_Nhom11_ChuongTrinh\GLSLExperiment\example1.cpp(593,48): warning C4305: 'argument': truncation from 'double' to 'const GLfloat'
F:\Mon-hoc-tren-lop\đồ họa máy tính\DHMT_Nhom11\DHMT_Nhom11_ChuongTrinh\GLSLExperiment\example1.cpp(593,95): warning C4305: 'argument': truncation from 'double' to 'const GLfloat'
F:\Mon-hoc-tren-lop\đồ họa máy tính\DHMT_Nhom11\DHMT_Nhom11_ChuongTrinh\GLSLExperiment\example1.cpp(594,30): warning C4305: 'argument': truncation from 'double' to 'GLfloat'
F:\Mon-hoc-tren-lop\đồ họa máy tính\DHMT_Nhom11\DHMT_Nhom11_ChuongTrinh\GLSLExperiment\example1.cpp(598,49): warning C4305: 'argument': truncation from 'double' to 'const GLfloat'
F:\Mon-hoc-tren-lop\đồ họa máy tính\DHMT_Nhom11\DHMT_Nhom11_ChuongTrinh\GLSLExperiment\example1.cpp(598,97): warning C4305: 'argument': truncation from 'double' to 'const GLfloat'
F:\Mon-hoc-tren-lop\đồ họa máy tính\DHMT_Nhom11\DHMT_Nhom11_ChuongTrinh\GLSLExperiment\example1.cpp(599,29): warning C4305: 'argument': truncation from 'double' to 'GLfloat'
F:\Mon-hoc-tren-lop\đồ họa máy tính\DHMT_Nhom11\DHMT_Nhom11_ChuongTrinh\GLSLExperiment\example1.cpp(603,49): warning C4305: 'argument': truncation from 'double' to 'const GLfloat'
F:\Mon-hoc-tren-lop\đồ họa máy tính\DHMT_Nhom11\DHMT_Nhom11_ChuongTrinh\GLSLExperiment\example1.cpp(603,98): warning C4305: 'argument': truncation from 'double' to 'const GLfloat'
F:\Mon-hoc-tren-lop\đồ họa máy tính\DHMT_Nhom11\DHMT_Nhom11_ChuongTrinh\GLSLExperiment\example1.cpp(604,30): warning C4305: 'argument': truncation from 'double' to 'GLfloat'
F:\Mon-hoc-tren-lop\đồ họa máy tính\DHMT_Nhom11\DHMT_Nhom11_ChuongTrinh\GLSLExperiment\example1.cpp(608,52): warning C4305: 'argument': truncation from 'double' to 'const GLfloat'
F:\Mon-hoc-tren-lop\đồ họa máy tính\DHMT_Nhom11\DHMT_Nhom11_ChuongTrinh\GLSLExperiment\example1.cpp(609,28): warning C4305: 'argument': truncation from 'double' to 'GLfloat'
F:\Mon-hoc-tren-lop\đồ họa máy tính\DHMT_Nhom11\DHMT_Nhom11_ChuongTrinh\GLSLExperiment\example1.cpp(610,52): warning C4305: 'argument': truncation from 'double' to 'const GLfloat'
F:\Mon-hoc-tren-lop\đồ họa máy tính\DHMT_Nhom11\DHMT_Nhom11_ChuongTrinh\GLSLExperiment\example1.cpp(611,28): warning C4305: 'argument': truncation from 'double' to 'GLfloat'
F:\Mon-hoc-tren-lop\đồ họa máy tính\DHMT_Nhom11\DHMT_Nhom11_ChuongTrinh\GLSLExperiment\example1.cpp(612,52): warning C4305: 'argument': truncation from 'double' to 'const GLfloat'
F:\Mon-hoc-tren-lop\đồ họa máy tính\DHMT_Nhom11\DHMT_Nhom11_ChuongTrinh\GLSLExperiment\example1.cpp(613,28): warning C4305: 'argument': truncation from 'double' to 'GLfloat'
F:\Mon-hoc-tren-lop\đồ họa máy tính\DHMT_Nhom11\DHMT_Nhom11_ChuongTrinh\GLSLExperiment\example1.cpp(614,52): warning C4305: 'argument': truncation from 'double' to 'const GLfloat'
F:\Mon-hoc-tren-lop\đồ họa máy tính\DHMT_Nhom11\DHMT_Nhom11_ChuongTrinh\GLSLExperiment\example1.cpp(615,28): warning C4305: 'argument': truncation from 'double' to 'GLfloat'
F:\Mon-hoc-tren-lop\đồ họa máy tính\DHMT_Nhom11\DHMT_Nhom11_ChuongTrinh\GLSLExperiment\example1.cpp(620,52): warning C4305: 'argument': truncation from 'double' to 'const GLfloat'
F:\Mon-hoc-tren-lop\đồ họa máy tính\DHMT_Nhom11\DHMT_Nhom11_ChuongTrinh\GLSLExperiment\example1.cpp(621,28): warning C4305: 'argument': truncation from 'double' to 'GLfloat'
F:\Mon-hoc-tren-lop\đồ họa máy tính\DHMT_Nhom11\DHMT_Nhom11_ChuongTrinh\GLSLExperiment\example1.cpp(625,37): warning C4305: 'argument': truncation from 'double' to 'GLfloat'
F:\Mon-hoc-tren-lop\đồ họa máy tính\DHMT_Nhom11\DHMT_Nhom11_ChuongTrinh\GLSLExperiment\example1.cpp(626,46): warning C4305: 'argument': truncation from 'double' to 'const GLfloat'
F:\Mon-hoc-tren-lop\đồ họa máy tính\DHMT_Nhom11\DHMT_Nhom11_ChuongTrinh\GLSLExperiment\example1.cpp(627,25): warning C4305: 'argument': truncation from 'double' to 'GLfloat'
F:\Mon-hoc-tren-lop\đồ họa máy tính\DHMT_Nhom11\DHMT_Nhom11_ChuongTrinh\GLSLExperiment\example1.cpp(628,44): warning C4305: 'argument': truncation from 'double' to 'const GLfloat'
F:\Mon-hoc-tren-lop\đồ họa máy tính\DHMT_Nhom11\DHMT_Nhom11_ChuongTrinh\GLSLExperiment\example1.cpp(629,25): warning C4305: 'argument': truncation from 'double' to 'GLfloat'
F:\Mon-hoc-tren-lop\đồ họa máy tính\DHMT_Nhom11\DHMT_Nhom11_ChuongTrinh\GLSLExperiment\example1.cpp(630,49): warning C4305: 'argument': truncation from 'double' to 'const GLfloat'
F:\Mon-hoc-tren-lop\đồ họa máy tính\DHMT_Nhom11\DHMT_Nhom11_ChuongTrinh\GLSLExperiment\example1.cpp(631,27): warning C4305: 'argument': truncation from 'double' to 'GLfloat'
F:\Mon-hoc-tren-lop\đồ họa máy tính\DHMT_Nhom11\DHMT_Nhom11_ChuongTrinh\GLSLExperiment\example1.cpp(632,49): warning C4305: 'argument': truncation from 'double' to 'const GLfloat'
F:\Mon-hoc-tren-lop\đồ họa máy tính\DHMT_Nhom11\DHMT_Nhom11_ChuongTrinh\GLSLExperiment\example1.cpp(633,27): warning C4305: 'argument': truncation from 'double' to 'GLfloat'
F:\Mon-hoc-tren-lop\đồ họa máy tính\DHMT_Nhom11\DHMT_Nhom11_ChuongTrinh\GLSLExperiment\example1.cpp(634,49): warning C4305: 'argument': truncation from 'double' to 'const GLfloat'
F:\Mon-hoc-tren-lop\đồ họa máy tính\DHMT_Nhom11\DHMT_Nhom11_ChuongTrinh\GLSLExperiment\example1.cpp(635,28): warning C4305: 'argument': truncation from 'double' to 'GLfloat'
F:\Mon-hoc-tren-lop\đồ họa máy tính\DHMT_Nhom11\DHMT_Nhom11_ChuongTrinh\GLSLExperiment\example1.cpp(641,49): warning C4305: 'argument': truncation from 'double' to 'const GLfloat'
F:\Mon-hoc-tren-lop\đồ họa máy tính\DHMT_Nhom11\DHMT_Nhom11_ChuongTrinh\GLSLExperiment\example1.cpp(642,27): warning C4305: 'argument': truncation from 'double' to 'GLfloat'
F:\Mon-hoc-tren-lop\đồ họa máy tính\DHMT_Nhom11\DHMT_Nhom11_ChuongTrinh\GLSLExperiment\example1.cpp(643,51): warning C4305: 'argument': truncation from 'double' to 'const GLfloat'
F:\Mon-hoc-tren-lop\đồ họa máy tính\DHMT_Nhom11\DHMT_Nhom11_ChuongTrinh\GLSLExperiment\example1.cpp(644,28): warning C4305: 'argument': truncation from 'double' to 'GLfloat'
F:\Mon-hoc-tren-lop\đồ họa máy tính\DHMT_Nhom11\DHMT_Nhom11_ChuongTrinh\GLSLExperiment\example1.cpp(645,51): warning C4305: 'argument': truncation from 'double' to 'const GLfloat'
F:\Mon-hoc-tren-lop\đồ họa máy tính\DHMT_Nhom11\DHMT_Nhom11_ChuongTrinh\GLSLExperiment\example1.cpp(646,28): warning C4305: 'argument': truncation from 'double' to 'GLfloat'
F:\Mon-hoc-tren-lop\đồ họa máy tính\DHMT_Nhom11\DHMT_Nhom11_ChuongTrinh\GLSLExperiment\example1.cpp(650,37): warning C4305: 'argument': truncation from 'double' to 'GLfloat'
F:\Mon-hoc-tren-lop\đồ họa máy tính\DHMT_Nhom11\DHMT_Nhom11_ChuongTrinh\GLSLExperiment\example1.cpp(651,45): warning C4305: 'argument': truncation from 'double' to 'const GLfloat'
F:\Mon-hoc-tren-lop\đồ họa máy tính\DHMT_Nhom11\DHMT_Nhom11_ChuongTrinh\GLSLExperiment\example1.cpp(652,25): warning C4305: 'argument': truncation from 'double' to 'GLfloat'
F:\Mon-hoc-tren-lop\đồ họa máy tính\DHMT_Nhom11\DHMT_Nhom11_ChuongTrinh\GLSLExperiment\example1.cpp(653,43): warning C4305: 'argument': truncation from 'double' to 'const GLfloat'
F:\Mon-hoc-tren-lop\đồ họa máy tính\DHMT_Nhom11\DHMT_Nhom11_ChuongTrinh\GLSLExperiment\example1.cpp(654,25): warning C4305: 'argument': truncation from 'double' to 'GLfloat'
F:\Mon-hoc-tren-lop\đồ họa máy tính\DHMT_Nhom11\DHMT_Nhom11_ChuongTrinh\GLSLExperiment\example1.cpp(655,48): warning C4305: 'argument': truncation from 'double' to 'const GLfloat'
F:\Mon-hoc-tren-lop\đồ họa máy tính\DHMT_Nhom11\DHMT_Nhom11_ChuongTrinh\GLSLExperiment\example1.cpp(656,27): warning C4305: 'argument': truncation from 'double' to 'GLfloat'
F:\Mon-hoc-tren-lop\đồ họa máy tính\DHMT_Nhom11\DHMT_Nhom11_ChuongTrinh\GLSLExperiment\example1.cpp(657,48): warning C4305: 'argument': truncation from 'double' to 'const GLfloat'
F:\Mon-hoc-tren-lop\đồ họa máy tính\DHMT_Nhom11\DHMT_Nhom11_ChuongTrinh\GLSLExperiment\example1.cpp(658,27): warning C4305: 'argument': truncation from 'double' to 'GLfloat'
F:\Mon-hoc-tren-lop\đồ họa máy tính\DHMT_Nhom11\DHMT_Nhom11_ChuongTrinh\GLSLExperiment\example1.cpp(659,48): warning C4305: 'argument': truncation from 'double' to 'const GLfloat'
F:\Mon-hoc-tren-lop\đồ họa máy tính\DHMT_Nhom11\DHMT_Nhom11_ChuongTrinh\GLSLExperiment\example1.cpp(660,28): warning C4305: 'argument': truncation from 'double' to 'GLfloat'
F:\Mon-hoc-tren-lop\đồ họa máy tính\DHMT_Nhom11\DHMT_Nhom11_ChuongTrinh\GLSLExperiment\example1.cpp(667,37): warning C4305: 'argument': truncation from 'double' to 'GLfloat'
F:\Mon-hoc-tren-lop\đồ họa máy tính\DHMT_Nhom11\DHMT_Nhom11_ChuongTrinh\GLSLExperiment\example1.cpp(668,44): warning C4305: 'argument': truncation from 'double' to 'const GLfloat'
F:\Mon-hoc-tren-lop\đồ họa máy tính\DHMT_Nhom11\DHMT_Nhom11_ChuongTrinh\GLSLExperiment\example1.cpp(669,27): warning C4305: 'argument': truncation from 'double' to 'GLfloat'
F:\Mon-hoc-tren-lop\đồ họa máy tính\DHMT_Nhom11\DHMT_Nhom11_ChuongTrinh\GLSLExperiment\example1.cpp(670,45): warning C4305: 'argument': truncation from 'double' to 'const GLfloat'
F:\Mon-hoc-tren-lop\đồ họa máy tính\DHMT_Nhom11\DHMT_Nhom11_ChuongTrinh\GLSLExperiment\example1.cpp(671,27): warning C4305: 'argument': truncation from 'double' to 'GLfloat'
F:\Mon-hoc-tren-lop\đồ họa máy tính\DHMT_Nhom11\DHMT_Nhom11_ChuongTrinh\GLSLExperiment\example1.cpp(672,47): warning C4305: 'argument': truncation from 'double' to 'const GLfloat'
F:\Mon-hoc-tren-lop\đồ họa máy tính\DHMT_Nhom11\DHMT_Nhom11_ChuongTrinh\GLSLExperiment\example1.cpp(673,29): warning C4305: 'argument': truncation from 'double' to 'GLfloat'
F:\Mon-hoc-tren-lop\đồ họa máy tính\DHMT_Nhom11\DHMT_Nhom11_ChuongTrinh\GLSLExperiment\example1.cpp(674,48): warning C4305: 'argument': truncation from 'double' to 'const GLfloat'
F:\Mon-hoc-tren-lop\đồ họa máy tính\DHMT_Nhom11\DHMT_Nhom11_ChuongTrinh\GLSLExperiment\example1.cpp(675,28): warning C4305: 'argument': truncation from 'double' to 'GLfloat'
F:\Mon-hoc-tren-lop\đồ họa máy tính\DHMT_Nhom11\DHMT_Nhom11_ChuongTrinh\GLSLExperiment\example1.cpp(681,50): warning C4244: 'argument': conversion from 'double' to 'GLfloat', possible loss of data
F:\Mon-hoc-tren-lop\đồ họa máy tính\DHMT_Nhom11\DHMT_Nhom11_ChuongTrinh\GLSLExperiment\example1.cpp(681,35): warning C4244: 'argument': conversion from 'double' to 'GLfloat', possible loss of data
F:\Mon-hoc-tren-lop\đồ họa máy tính\DHMT_Nhom11\DHMT_Nhom11_ChuongTrinh\GLSLExperiment\example1.cpp(681,20): warning C4244: 'argument': conversion from 'double' to 'GLfloat', possible loss of data
F:\Mon-hoc-tren-lop\đồ họa máy tính\DHMT_Nhom11\DHMT_Nhom11_ChuongTrinh\GLSLExperiment\example1.cpp(682,45): warning C4305: 'argument': truncation from 'double' to 'const GLfloat'
F:\Mon-hoc-tren-lop\đồ họa máy tính\DHMT_Nhom11\DHMT_Nhom11_ChuongTrinh\GLSLExperiment\example1.cpp(683,27): warning C4305: 'argument': truncation from 'double' to 'GLfloat'
F:\Mon-hoc-tren-lop\đồ họa máy tính\DHMT_Nhom11\DHMT_Nhom11_ChuongTrinh\GLSLExperiment\example1.cpp(684,46): warning C4305: 'argument': truncation from 'double' to 'const GLfloat'
F:\Mon-hoc-tren-lop\đồ họa máy tính\DHMT_Nhom11\DHMT_Nhom11_ChuongTrinh\GLSLExperiment\example1.cpp(686,27): warning C4305: 'argument': truncation from 'double' to 'GLfloat'
F:\Mon-hoc-tren-lop\đồ họa máy tính\DHMT_Nhom11\DHMT_Nhom11_ChuongTrinh\GLSLExperiment\example1.cpp(687,45): warning C4305: 'argument': truncation from 'double' to 'const GLfloat'
F:\Mon-hoc-tren-lop\đồ họa máy tính\DHMT_Nhom11\DHMT_Nhom11_ChuongTrinh\GLSLExperiment\example1.cpp(688,27): warning C4305: 'argument': truncation from 'double' to 'GLfloat'
F:\Mon-hoc-tren-lop\đồ họa máy tính\DHMT_Nhom11\DHMT_Nhom11_ChuongTrinh\GLSLExperiment\example1.cpp(701,48): warning C4305: 'argument': truncation from 'double' to 'const GLfloat'
F:\Mon-hoc-tren-lop\đồ họa máy tính\DHMT_Nhom11\DHMT_Nhom11_ChuongTrinh\GLSLExperiment\example1.cpp(701,78): warning C4305: 'argument': truncation from 'double' to 'const GLfloat'
F:\Mon-hoc-tren-lop\đồ họa máy tính\DHMT_Nhom11\DHMT_Nhom11_ChuongTrinh\GLSLExperiment\example1.cpp(702,27): warning C4305: 'argument': truncation from 'double' to 'GLfloat'
F:\Mon-hoc-tren-lop\đồ họa máy tính\DHMT_Nhom11\DHMT_Nhom11_ChuongTrinh\GLSLExperiment\example1.cpp(703,49): warning C4305: 'argument': truncation from 'double' to 'const GLfloat'
F:\Mon-hoc-tren-lop\đồ họa máy tính\DHMT_Nhom11\DHMT_Nhom11_ChuongTrinh\GLSLExperiment\example1.cpp(703,87): warning C4305: 'argument': truncation from 'double' to 'const GLfloat'
F:\Mon-hoc-tren-lop\đồ họa máy tính\DHMT_Nhom11\DHMT_Nhom11_ChuongTrinh\GLSLExperiment\example1.cpp(704,27): warning C4305: 'argument': truncation from 'double' to 'GLfloat'
F:\Mon-hoc-tren-lop\đồ họa máy tính\DHMT_Nhom11\DHMT_Nhom11_ChuongTrinh\GLSLExperiment\example1.cpp(705,49): warning C4305: 'argument': truncation from 'double' to 'const GLfloat'
F:\Mon-hoc-tren-lop\đồ họa máy tính\DHMT_Nhom11\DHMT_Nhom11_ChuongTrinh\GLSLExperiment\example1.cpp(705,84): warning C4305: 'argument': truncation from 'double' to 'const GLfloat'
F:\Mon-hoc-tren-lop\đồ họa máy tính\DHMT_Nhom11\DHMT_Nhom11_ChuongTrinh\GLSLExperiment\example1.cpp(706,27): warning C4305: 'argument': truncation from 'double' to 'GLfloat'
F:\Mon-hoc-tren-lop\đồ họa máy tính\DHMT_Nhom11\DHMT_Nhom11_ChuongTrinh\GLSLExperiment\example1.cpp(707,49): warning C4305: 'argument': truncation from 'double' to 'const GLfloat'
F:\Mon-hoc-tren-lop\đồ họa máy tính\DHMT_Nhom11\DHMT_Nhom11_ChuongTrinh\GLSLExperiment\example1.cpp(707,91): warning C4305: 'argument': truncation from 'double' to 'const GLfloat'
F:\Mon-hoc-tren-lop\đồ họa máy tính\DHMT_Nhom11\DHMT_Nhom11_ChuongTrinh\GLSLExperiment\example1.cpp(708,27): warning C4305: 'argument': truncation from 'double' to 'GLfloat'
F:\Mon-hoc-tren-lop\đồ họa máy tính\DHMT_Nhom11\DHMT_Nhom11_ChuongTrinh\GLSLExperiment\example1.cpp(709,49): warning C4305: 'argument': truncation from 'double' to 'const GLfloat'
F:\Mon-hoc-tren-lop\đồ họa máy tính\DHMT_Nhom11\DHMT_Nhom11_ChuongTrinh\GLSLExperiment\example1.cpp(709,93): warning C4305: 'argument': truncation from 'double' to 'const GLfloat'
F:\Mon-hoc-tren-lop\đồ họa máy tính\DHMT_Nhom11\DHMT_Nhom11_ChuongTrinh\GLSLExperiment\example1.cpp(710,27): warning C4305: 'argument': truncation from 'double' to 'GLfloat'
F:\Mon-hoc-tren-lop\đồ họa máy tính\DHMT_Nhom11\DHMT_Nhom11_ChuongTrinh\GLSLExperiment\example1.cpp(711,49): warning C4305: 'argument': truncation from 'double' to 'const GLfloat'
F:\Mon-hoc-tren-lop\đồ họa máy tính\DHMT_Nhom11\DHMT_Nhom11_ChuongTrinh\GLSLExperiment\example1.cpp(711,87): warning C4305: 'argument': truncation from 'double' to 'const GLfloat'
F:\Mon-hoc-tren-lop\đồ họa máy tính\DHMT_Nhom11\DHMT_Nhom11_ChuongTrinh\GLSLExperiment\example1.cpp(712,27): warning C4305: 'argument': truncation from 'double' to 'GLfloat'
F:\Mon-hoc-tren-lop\đồ họa máy tính\DHMT_Nhom11\DHMT_Nhom11_ChuongTrinh\GLSLExperiment\example1.cpp(717,34): warning C4305: 'argument': truncation from 'double' to 'GLfloat'
F:\Mon-hoc-tren-lop\đồ họa máy tính\DHMT_Nhom11\DHMT_Nhom11_ChuongTrinh\GLSLExperiment\example1.cpp(718,71): warning C4305: 'argument': truncation from 'double' to 'const GLfloat'
F:\Mon-hoc-tren-lop\đồ họa máy tính\DHMT_Nhom11\DHMT_Nhom11_ChuongTrinh\GLSLExperiment\example1.cpp(718,101): warning C4305: 'argument': truncation from 'double' to 'const GLfloat'
F:\Mon-hoc-tren-lop\đồ họa máy tính\DHMT_Nhom11\DHMT_Nhom11_ChuongTrinh\GLSLExperiment\example1.cpp(719,27): warning C4305: 'argument': truncation from 'double' to 'GLfloat'
F:\Mon-hoc-tren-lop\đồ họa máy tính\DHMT_Nhom11\DHMT_Nhom11_ChuongTrinh\GLSLExperiment\example1.cpp(720,71): warning C4305: 'argument': truncation from 'double' to 'const GLfloat'
F:\Mon-hoc-tren-lop\đồ họa máy tính\DHMT_Nhom11\DHMT_Nhom11_ChuongTrinh\GLSLExperiment\example1.cpp(720,101): warning C4305: 'argument': truncation from 'double' to 'const GLfloat'
F:\Mon-hoc-tren-lop\đồ họa máy tính\DHMT_Nhom11\DHMT_Nhom11_ChuongTrinh\GLSLExperiment\example1.cpp(721,27): warning C4305: 'argument': truncation from 'double' to 'GLfloat'
F:\Mon-hoc-tren-lop\đồ họa máy tính\DHMT_Nhom11\DHMT_Nhom11_ChuongTrinh\GLSLExperiment\example1.cpp(722,76): warning C4305: 'argument': truncation from 'double' to 'const GLfloat'
F:\Mon-hoc-tren-lop\đồ họa máy tính\DHMT_Nhom11\DHMT_Nhom11_ChuongTrinh\GLSLExperiment\example1.cpp(722,106): warning C4305: 'argument': truncation from 'double' to 'const GLfloat'
F:\Mon-hoc-tren-lop\đồ họa máy tính\DHMT_Nhom11\DHMT_Nhom11_ChuongTrinh\GLSLExperiment\example1.cpp(723,27): warning C4305: 'argument': truncation from 'double' to 'GLfloat'
F:\Mon-hoc-tren-lop\đồ họa máy tính\DHMT_Nhom11\DHMT_Nhom11_ChuongTrinh\GLSLExperiment\example1.cpp(724,76): warning C4305: 'argument': truncation from 'double' to 'const GLfloat'
F:\Mon-hoc-tren-lop\đồ họa máy tính\DHMT_Nhom11\DHMT_Nhom11_ChuongTrinh\GLSLExperiment\example1.cpp(724,106): warning C4305: 'argument': truncation from 'double' to 'const GLfloat'
F:\Mon-hoc-tren-lop\đồ họa máy tính\DHMT_Nhom11\DHMT_Nhom11_ChuongTrinh\GLSLExperiment\example1.cpp(725,27): warning C4305: 'argument': truncation from 'double' to 'GLfloat'
F:\Mon-hoc-tren-lop\đồ họa máy tính\DHMT_Nhom11\DHMT_Nhom11_ChuongTrinh\GLSLExperiment\example1.cpp(726,75): warning C4305: 'argument': truncation from 'double' to 'const GLfloat'
F:\Mon-hoc-tren-lop\đồ họa máy tính\DHMT_Nhom11\DHMT_Nhom11_ChuongTrinh\GLSLExperiment\example1.cpp(726,105): warning C4305: 'argument': truncation from 'double' to 'const GLfloat'
F:\Mon-hoc-tren-lop\đồ họa máy tính\DHMT_Nhom11\DHMT_Nhom11_ChuongTrinh\GLSLExperiment\example1.cpp(727,27): warning C4305: 'argument': truncation from 'double' to 'GLfloat'
F:\Mon-hoc-tren-lop\đồ họa máy tính\DHMT_Nhom11\DHMT_Nhom11_ChuongTrinh\GLSLExperiment\example1.cpp(728,76): warning C4305: 'argument': truncation from 'double' to 'const GLfloat'
F:\Mon-hoc-tren-lop\đồ họa máy tính\DHMT_Nhom11\DHMT_Nhom11_ChuongTrinh\GLSLExperiment\example1.cpp(728,106): warning C4305: 'argument': truncation from 'double' to 'const GLfloat'
F:\Mon-hoc-tren-lop\đồ họa máy tính\DHMT_Nhom11\DHMT_Nhom11_ChuongTrinh\GLSLExperiment\example1.cpp(729,27): warning C4305: 'argument': truncation from 'double' to 'GLfloat'
F:\Mon-hoc-tren-lop\đồ họa máy tính\DHMT_Nhom11\DHMT_Nhom11_ChuongTrinh\GLSLExperiment\example1.cpp(739,47): warning C4305: 'argument': truncation from 'double' to 'const GLfloat'
F:\Mon-hoc-tren-lop\đồ họa máy tính\DHMT_Nhom11\DHMT_Nhom11_ChuongTrinh\GLSLExperiment\example1.cpp(739,77): warning C4305: 'argument': truncation from 'double' to 'const GLfloat'
F:\Mon-hoc-tren-lop\đồ họa máy tính\DHMT_Nhom11\DHMT_Nhom11_ChuongTrinh\GLSLExperiment\example1.cpp(740,25): warning C4305: 'argument': truncation from 'double' to 'GLfloat'
F:\Mon-hoc-tren-lop\đồ họa máy tính\DHMT_Nhom11\DHMT_Nhom11_ChuongTrinh\GLSLExperiment\example1.cpp(744,56): warning C4305: 'argument': truncation from 'double' to 'const GLfloat'
F:\Mon-hoc-tren-lop\đồ họa máy tính\DHMT_Nhom11\DHMT_Nhom11_ChuongTrinh\GLSLExperiment\example1.cpp(744,86): warning C4305: 'argument': truncation from 'double' to 'const GLfloat'
F:\Mon-hoc-tren-lop\đồ họa máy tính\DHMT_Nhom11\DHMT_Nhom11_ChuongTrinh\GLSLExperiment\example1.cpp(745,25): warning C4305: 'argument': truncation from 'double' to 'GLfloat'
F:\Mon-hoc-tren-lop\đồ họa máy tính\DHMT_Nhom11\DHMT_Nhom11_ChuongTrinh\GLSLExperiment\example1.cpp(751,83): warning C4305: 'argument': truncation from 'double' to 'const GLfloat'
F:\Mon-hoc-tren-lop\đồ họa máy tính\DHMT_Nhom11\DHMT_Nhom11_ChuongTrinh\GLSLExperiment\example1.cpp(759,23): warning C4305: 'argument': truncation from 'double' to 'GLfloat'
F:\Mon-hoc-tren-lop\đồ họa máy tính\DHMT_Nhom11\DHMT_Nhom11_ChuongTrinh\GLSLExperiment\example1.cpp(764,46): warning C4305: 'argument': truncation from 'double' to 'const GLfloat'
F:\Mon-hoc-tren-lop\đồ họa máy tính\DHMT_Nhom11\DHMT_Nhom11_ChuongTrinh\GLSLExperiment\example1.cpp(764,76): warning C4305: 'argument': truncation from 'double' to 'const GLfloat'
F:\Mon-hoc-tren-lop\đồ họa máy tính\DHMT_Nhom11\DHMT_Nhom11_ChuongTrinh\GLSLExperiment\example1.cpp(765,25): warning C4305: 'argument': truncation from 'double' to 'GLfloat'
F:\Mon-hoc-tren-lop\đồ họa máy tính\DHMT_Nhom11\DHMT_Nhom11_ChuongTrinh\GLSLExperiment\example1.cpp(771,75): warning C4305: 'argument': truncation from 'double' to 'const GLfloat'
F:\Mon-hoc-tren-lop\đồ họa máy tính\DHMT_Nhom11\DHMT_Nhom11_ChuongTrinh\GLSLExperiment\example1.cpp(779,82): warning C4305: 'argument': truncation from 'double' to 'const GLfloat'
F:\Mon-hoc-tren-lop\đồ họa máy tính\DHMT_Nhom11\DHMT_Nhom11_ChuongTrinh\GLSLExperiment\example1.cpp(785,34): warning C4305: 'argument': truncation from 'double' to 'GLfloat'
F:\Mon-hoc-tren-lop\đồ họa máy tính\DHMT_Nhom11\DHMT_Nhom11_ChuongTrinh\GLSLExperiment\example1.cpp(787,27): warning C4305: 'argument': truncation from 'double' to 'GLfloat'
F:\Mon-hoc-tren-lop\đồ họa máy tính\DHMT_Nhom11\DHMT_Nhom11_ChuongTrinh\GLSLExperiment\example1.cpp(788,25): warning C4305: 'argument': truncation from 'double' to 'GLfloat'
F:\Mon-hoc-tren-lop\đồ họa máy tính\DHMT_Nhom11\DHMT_Nhom11_ChuongTrinh\GLSLExperiment\example1.cpp(794,34): warning C4305: 'argument': truncation from 'double' to 'GLfloat'
F:\Mon-hoc-tren-lop\đồ họa máy tính\DHMT_Nhom11\DHMT_Nhom11_ChuongTrinh\GLSLExperiment\example1.cpp(795,44): warning C4305: 'argument': truncation from 'double' to 'const GLfloat'
F:\Mon-hoc-tren-lop\đồ họa máy tính\DHMT_Nhom11\DHMT_Nhom11_ChuongTrinh\GLSLExperiment\example1.cpp(795,74): warning C4305: 'argument': truncation from 'double' to 'const GLfloat'
F:\Mon-hoc-tren-lop\đồ họa máy tính\DHMT_Nhom11\DHMT_Nhom11_ChuongTrinh\GLSLExperiment\example1.cpp(796,25): warning C4305: 'argument': truncation from 'double' to 'GLfloat'
F:\Mon-hoc-tren-lop\đồ họa máy tính\DHMT_Nhom11\DHMT_Nhom11_ChuongTrinh\GLSLExperiment\example1.cpp(801,46): warning C4305: 'argument': truncation from 'double' to 'const GLfloat'
F:\Mon-hoc-tren-lop\đồ họa máy tính\DHMT_Nhom11\DHMT_Nhom11_ChuongTrinh\GLSLExperiment\example1.cpp(801,76): warning C4305: 'argument': truncation from 'double' to 'const GLfloat'
F:\Mon-hoc-tren-lop\đồ họa máy tính\DHMT_Nhom11\DHMT_Nhom11_ChuongTrinh\GLSLExperiment\example1.cpp(802,27): warning C4305: 'argument': truncation from 'double' to 'GLfloat'
F:\Mon-hoc-tren-lop\đồ họa máy tính\DHMT_Nhom11\DHMT_Nhom11_ChuongTrinh\GLSLExperiment\example1.cpp(803,45): warning C4305: 'argument': truncation from 'double' to 'const GLfloat'
F:\Mon-hoc-tren-lop\đồ họa máy tính\DHMT_Nhom11\DHMT_Nhom11_ChuongTrinh\GLSLExperiment\example1.cpp(803,75): warning C4305: 'argument': truncation from 'double' to 'const GLfloat'
F:\Mon-hoc-tren-lop\đồ họa máy tính\DHMT_Nhom11\DHMT_Nhom11_ChuongTrinh\GLSLExperiment\example1.cpp(804,27): warning C4305: 'argument': truncation from 'double' to 'GLfloat'
F:\Mon-hoc-tren-lop\đồ họa máy tính\DHMT_Nhom11\DHMT_Nhom11_ChuongTrinh\GLSLExperiment\example1.cpp(805,45): warning C4305: 'argument': truncation from 'double' to 'const GLfloat'
F:\Mon-hoc-tren-lop\đồ họa máy tính\DHMT_Nhom11\DHMT_Nhom11_ChuongTrinh\GLSLExperiment\example1.cpp(805,75): warning C4305: 'argument': truncation from 'double' to 'const GLfloat'
F:\Mon-hoc-tren-lop\đồ họa máy tính\DHMT_Nhom11\DHMT_Nhom11_ChuongTrinh\GLSLExperiment\example1.cpp(806,26): warning C4305: 'argument': truncation from 'double' to 'GLfloat'
F:\Mon-hoc-tren-lop\đồ họa máy tính\DHMT_Nhom11\DHMT_Nhom11_ChuongTrinh\GLSLExperiment\example1.cpp(807,46): warning C4305: 'argument': truncation from 'double' to 'const GLfloat'
F:\Mon-hoc-tren-lop\đồ họa máy tính\DHMT_Nhom11\DHMT_Nhom11_ChuongTrinh\GLSLExperiment\example1.cpp(807,76): warning C4305: 'argument': truncation from 'double' to 'const GLfloat'
F:\Mon-hoc-tren-lop\đồ họa máy tính\DHMT_Nhom11\DHMT_Nhom11_ChuongTrinh\GLSLExperiment\example1.cpp(808,26): warning C4305: 'argument': truncation from 'double' to 'GLfloat'
F:\Mon-hoc-tren-lop\đồ họa máy tính\DHMT_Nhom11\DHMT_Nhom11_ChuongTrinh\GLSLExperiment\example1.cpp(820,47): warning C4305: 'argument': truncation from 'double' to 'const GLfloat'
F:\Mon-hoc-tren-lop\đồ họa máy tính\DHMT_Nhom11\DHMT_Nhom11_ChuongTrinh\GLSLExperiment\example1.cpp(820,77): warning C4305: 'argument': truncation from 'double' to 'const GLfloat'
F:\Mon-hoc-tren-lop\đồ họa máy tính\DHMT_Nhom11\DHMT_Nhom11_ChuongTrinh\GLSLExperiment\example1.cpp(821,26): warning C4305: 'argument': truncation from 'double' to 'GLfloat'
F:\Mon-hoc-tren-lop\đồ họa máy tính\DHMT_Nhom11\DHMT_Nhom11_ChuongTrinh\GLSLExperiment\example1.cpp(822,29): warning C4305: 'argument': truncation from 'double' to 'const float'
F:\Mon-hoc-tren-lop\đồ họa máy tính\DHMT_Nhom11\DHMT_Nhom11_ChuongTrinh\GLSLExperiment\example1.cpp(822,29): warning C4305: 'argument': truncation from 'double' to 'GLfloat'
F:\Mon-hoc-tren-lop\đồ họa máy tính\DHMT_Nhom11\DHMT_Nhom11_ChuongTrinh\GLSLExperiment\example1.cpp(823,47): warning C4305: 'argument': truncation from 'double' to 'const GLfloat'
F:\Mon-hoc-tren-lop\đồ họa máy tính\DHMT_Nhom11\DHMT_Nhom11_ChuongTrinh\GLSLExperiment\example1.cpp(823,79): warning C4305: 'argument': truncation from 'double' to 'const GLfloat'
F:\Mon-hoc-tren-lop\đồ họa máy tính\DHMT_Nhom11\DHMT_Nhom11_ChuongTrinh\GLSLExperiment\example1.cpp(823,109): warning C4305: 'argument': truncation from 'double' to 'const GLfloat'
F:\Mon-hoc-tren-lop\đồ họa máy tính\DHMT_Nhom11\DHMT_Nhom11_ChuongTrinh\GLSLExperiment\example1.cpp(824,27): warning C4305: 'argument': truncation from 'double' to 'GLfloat'
F:\Mon-hoc-tren-lop\đồ họa máy tính\DHMT_Nhom11\DHMT_Nhom11_ChuongTrinh\GLSLExperiment\example1.cpp(825,47): warning C4305: 'argument': truncation from 'double' to 'const GLfloat'
F:\Mon-hoc-tren-lop\đồ họa máy tính\DHMT_Nhom11\DHMT_Nhom11_ChuongTrinh\GLSLExperiment\example1.cpp(825,78): warning C4305: 'argument': truncation from 'double' to 'const GLfloat'
F:\Mon-hoc-tren-lop\đồ họa máy tính\DHMT_Nhom11\DHMT_Nhom11_ChuongTrinh\GLSLExperiment\example1.cpp(825,108): warning C4305: 'argument': truncation from 'double' to 'const GLfloat'
F:\Mon-hoc-tren-lop\đồ họa máy tính\DHMT_Nhom11\DHMT_Nhom11_ChuongTrinh\GLSLExperiment\example1.cpp(826,27): warning C4305: 'argument': truncation from 'double' to 'GLfloat'
F:\Mon-hoc-tren-lop\đồ họa máy tính\DHMT_Nhom11\DHMT_Nhom11_ChuongTrinh\GLSLExperiment\example1.cpp(827,47): warning C4305: 'argument': truncation from 'double' to 'const GLfloat'
F:\Mon-hoc-tren-lop\đồ họa máy tính\DHMT_Nhom11\DHMT_Nhom11_ChuongTrinh\GLSLExperiment\example1.cpp(827,76): warning C4305: 'argument': truncation from 'double' to 'const GLfloat'
F:\Mon-hoc-tren-lop\đồ họa máy tính\DHMT_Nhom11\DHMT_Nhom11_ChuongTrinh\GLSLExperiment\example1.cpp(827,106): warning C4305: 'argument': truncation from 'double' to 'const GLfloat'
F:\Mon-hoc-tren-lop\đồ họa máy tính\DHMT_Nhom11\DHMT_Nhom11_ChuongTrinh\GLSLExperiment\example1.cpp(828,27): warning C4305: 'argument': truncation from 'double' to 'GLfloat'
F:\Mon-hoc-tren-lop\đồ họa máy tính\DHMT_Nhom11\DHMT_Nhom11_ChuongTrinh\GLSLExperiment\example1.cpp(829,47): warning C4305: 'argument': truncation from 'double' to 'const GLfloat'
F:\Mon-hoc-tren-lop\đồ họa máy tính\DHMT_Nhom11\DHMT_Nhom11_ChuongTrinh\GLSLExperiment\example1.cpp(829,76): warning C4305: 'argument': truncation from 'double' to 'const GLfloat'
F:\Mon-hoc-tren-lop\đồ họa máy tính\DHMT_Nhom11\DHMT_Nhom11_ChuongTrinh\GLSLExperiment\example1.cpp(829,106): warning C4305: 'argument': truncation from 'double' to 'const GLfloat'
F:\Mon-hoc-tren-lop\đồ họa máy tính\DHMT_Nhom11\DHMT_Nhom11_ChuongTrinh\GLSLExperiment\example1.cpp(830,28): warning C4305: 'argument': truncation from 'double' to 'GLfloat'
F:\Mon-hoc-tren-lop\đồ họa máy tính\DHMT_Nhom11\DHMT_Nhom11_ChuongTrinh\GLSLExperiment\example1.cpp(836,29): warning C4305: 'argument': truncation from 'double' to 'const float'
F:\Mon-hoc-tren-lop\đồ họa máy tính\DHMT_Nhom11\DHMT_Nhom11_ChuongTrinh\GLSLExperiment\example1.cpp(836,29): warning C4305: 'argument': truncation from 'double' to 'GLfloat'
F:\Mon-hoc-tren-lop\đồ họa máy tính\DHMT_Nhom11\DHMT_Nhom11_ChuongTrinh\GLSLExperiment\example1.cpp(838,48): warning C4305: 'argument': truncation from 'double' to 'const GLfloat'
F:\Mon-hoc-tren-lop\đồ họa máy tính\DHMT_Nhom11\DHMT_Nhom11_ChuongTrinh\GLSLExperiment\example1.cpp(838,79): warning C4305: 'argument': truncation from 'double' to 'const GLfloat'
F:\Mon-hoc-tren-lop\đồ họa máy tính\DHMT_Nhom11\DHMT_Nhom11_ChuongTrinh\GLSLExperiment\example1.cpp(838,91): warning C4244: 'argument': conversion from 'int' to 'const GLfloat', possible loss of data
F:\Mon-hoc-tren-lop\đồ họa máy tính\DHMT_Nhom11\DHMT_Nhom11_ChuongTrinh\GLSLExperiment\example1.cpp(839,27): warning C4305: 'argument': truncation from 'double' to 'GLfloat'
F:\Mon-hoc-tren-lop\đồ họa máy tính\DHMT_Nhom11\DHMT_Nhom11_ChuongTrinh\GLSLExperiment\example1.cpp(846,29): warning C4305: 'argument': truncation from 'double' to 'const float'
F:\Mon-hoc-tren-lop\đồ họa máy tính\DHMT_Nhom11\DHMT_Nhom11_ChuongTrinh\GLSLExperiment\example1.cpp(846,29): warning C4305: 'argument': truncation from 'double' to 'GLfloat'
F:\Mon-hoc-tren-lop\đồ họa máy tính\DHMT_Nhom11\DHMT_Nhom11_ChuongTrinh\GLSLExperiment\example1.cpp(847,60): warning C4305: 'argument': truncation from 'double' to 'const GLfloat'
F:\Mon-hoc-tren-lop\đồ họa máy tính\DHMT_Nhom11\DHMT_Nhom11_ChuongTrinh\GLSLExperiment\example1.cpp(847,90): warning C4305: 'argument': truncation from 'double' to 'const GLfloat'
F:\Mon-hoc-tren-lop\đồ họa máy tính\DHMT_Nhom11\DHMT_Nhom11_ChuongTrinh\GLSLExperiment\example1.cpp(848,27): warning C4305: 'argument': truncation from 'double' to 'GLfloat'
F:\Mon-hoc-tren-lop\đồ họa máy tính\DHMT_Nhom11\DHMT_Nhom11_ChuongTrinh\GLSLExperiment\example1.cpp(850,67): warning C4305: 'argument': truncation from 'double' to 'const GLfloat'
F:\Mon-hoc-tren-lop\đồ họa máy tính\DHMT_Nhom11\DHMT_Nhom11_ChuongTrinh\GLSLExperiment\example1.cpp(878,48): warning C4305: 'argument': truncation from 'double' to 'const GLfloat'
F:\Mon-hoc-tren-lop\đồ họa máy tính\DHMT_Nhom11\DHMT_Nhom11_ChuongTrinh\GLSLExperiment\example1.cpp(888,19): warning C4305: 'argument': truncation from 'double' to 'GLfloat'
F:\Mon-hoc-tren-lop\đồ họa máy tính\DHMT_Nhom11\DHMT_Nhom11_ChuongTrinh\GLSLExperiment\example1.cpp(1028,14): warning C4305: '+=': truncation from 'double' to 'GLfloat'
F:\Mon-hoc-tren-lop\đồ họa máy tính\DHMT_Nhom11\DHMT_Nhom11_ChuongTrinh\GLSLExperiment\example1.cpp(1032,14): warning C4305: '-=': truncation from 'double' to 'GLfloat'
  GLSLExperiment.vcxproj -> F:\Mon-hoc-tren-lop\đồ họa máy tính\DHMT_Nhom11\DHMT_Nhom11_ChuongTrinh\Debug\GLSLExperiment.exe
